c:\users\joaoh\onedrive\desktop\wcsu 2021 spring\cs - 240\assigments\0 - math_x\code\math_x\debug\vc142.pdb
c:\users\joaoh\onedrive\desktop\wcsu 2021 spring\cs - 240\assigments\0 - math_x\code\math_x\debug\.netframework,version=v4.7.2.assemblyattributes.obj
c:\users\joaoh\onedrive\desktop\wcsu 2021 spring\cs - 240\assigments\0 - math_x\code\math_x\debug\math_x.obj
c:\users\joaoh\onedrive\desktop\wcsu 2021 spring\cs - 240\assigments\0 - math_x\code\math_x\debug\form3.obj
c:\users\joaoh\onedrive\desktop\wcsu 2021 spring\cs - 240\assigments\0 - math_x\code\math_x\debug\form2.obj
c:\users\joaoh\onedrive\desktop\wcsu 2021 spring\cs - 240\assigments\0 - math_x\code\math_x\debug\form1.obj
c:\users\joaoh\onedrive\desktop\wcsu 2021 spring\cs - 240\assigments\0 - math_x\code\math_x\debug\helpform.obj
c:\users\joaoh\onedrive\desktop\wcsu 2021 spring\cs - 240\assigments\0 - math_x\code\math_x\debug\math_x.exe
c:\users\joaoh\onedrive\desktop\wcsu 2021 spring\cs - 240\assigments\0 - math_x\code\math_x\debug\math_x.pdb
c:\users\joaoh\onedrive\desktop\wcsu 2021 spring\cs - 240\assigments\0 - math_x\code\math_x\debug\mathx.form1.resources
c:\users\joaoh\onedrive\desktop\wcsu 2021 spring\cs - 240\assigments\0 - math_x\code\math_x\debug\mathx.form2.resources
c:\users\joaoh\onedrive\desktop\wcsu 2021 spring\cs - 240\assigments\0 - math_x\code\math_x\debug\mathx.form3.resources
c:\users\joaoh\onedrive\desktop\wcsu 2021 spring\cs - 240\assigments\0 - math_x\code\math_x\debug\math_x.exe.metagen
c:\users\joaoh\onedrive\desktop\wcsu 2021 spring\cs - 240\assigments\0 - math_x\code\math_x\debug\math_x.tlog\cl.command.1.tlog
c:\users\joaoh\onedrive\desktop\wcsu 2021 spring\cs - 240\assigments\0 - math_x\code\math_x\debug\math_x.tlog\cl.read.1.tlog
c:\users\joaoh\onedrive\desktop\wcsu 2021 spring\cs - 240\assigments\0 - math_x\code\math_x\debug\math_x.tlog\cl.write.1.tlog
c:\users\joaoh\onedrive\desktop\wcsu 2021 spring\cs - 240\assigments\0 - math_x\code\math_x\debug\math_x.tlog\link.command.1.tlog
c:\users\joaoh\onedrive\desktop\wcsu 2021 spring\cs - 240\assigments\0 - math_x\code\math_x\debug\math_x.tlog\link.read.1.tlog
c:\users\joaoh\onedrive\desktop\wcsu 2021 spring\cs - 240\assigments\0 - math_x\code\math_x\debug\math_x.tlog\link.write.1.tlog
c:\users\joaoh\onedrive\desktop\wcsu 2021 spring\cs - 240\assigments\0 - math_x\code\math_x\debug\math_x.tlog\math_x.write.1u.tlog
c:\users\joaoh\onedrive\desktop\wcsu 2021 spring\cs - 240\assigments\0 - math_x\code\math_x\debug\math_x.tlog\metagen.read.1.tlog
c:\users\joaoh\onedrive\desktop\wcsu 2021 spring\cs - 240\assigments\0 - math_x\code\math_x\debug\math_x.tlog\metagen.write.1.tlog
